<?xml version="1.0" encoding="UTF-8"?>
<testsuite xmlns:xsi="http://www.w3.org/2001/XMLSchema-instance" xsi:noNamespaceSchemaLocation="https://maven.apache.org/surefire/maven-surefire-plugin/xsd/surefire-test-report-3.0.xsd" version="3.0" name="com.consolemaster.CanvasTest" time="0.037" tests="16" errors="0" skipped="0" failures="0">
  <properties>
[...]
</properties>
  <testcase name="shouldSetMinAndMaxSizeTogether" classname="com.consolemaster.CanvasTest" time="0.01"/>
  <testcase name="shouldCalculateRightAndBottomBoundaries" classname="com.consolemaster.CanvasTest" time="0.001"/>
  <testcase name="shouldHandleInvalidConstraints" classname="com.consolemaster.CanvasTest" time="0.001"/>
  <testcase name="shouldCreateCanvasWithCorrectDimensions" classname="com.consolemaster.CanvasTest" time="0.001"/>
  <testcase name="shouldEnforceMinimumSizeWhenSettingDimensions" classname="com.consolemaster.CanvasTest" time="0.001"/>
  <testcase name="shouldUpdateDimensions" classname="com.consolemaster.CanvasTest" time="0.0"/>
  <testcase name="shouldAllowNullLayoutConstraint" classname="com.consolemaster.CanvasTest" time="0.002"/>
  <testcase name="shouldUpdatePosition" classname="com.consolemaster.CanvasTest" time="0.0"/>
  <testcase name="shouldToggleVisibility" classname="com.consolemaster.CanvasTest" time="0.0"/>
  <testcase name="shouldEnforceConstraintsInConstructor" classname="com.consolemaster.CanvasTest" time="0.0"/>
  <testcase name="shouldCreateCanvasWithConstraints" classname="com.consolemaster.CanvasTest" time="0.001"/>
  <testcase name="shouldEnforceMaximumSizeWhenSettingDimensions" classname="com.consolemaster.CanvasTest" time="0.0"/>
  <testcase name="shouldSetAndGetLayoutConstraint" classname="com.consolemaster.CanvasTest" time="0.001"/>
  <testcase name="shouldSetAndEnforceSizeConstraints" classname="com.consolemaster.CanvasTest" time="0.001"/>
  <testcase name="shouldCheckSizeValidation" classname="com.consolemaster.CanvasTest" time="0.0"/>
  <testcase name="shouldDetectPointsWithinBounds" classname="com.consolemaster.CanvasTest" time="0.0"/>
</testsuite>